<?xml version="1.0" encoding="UTF-8"?><testrun duration="32098" footerText="Generated by IntelliJ IDEA on 19/09/24, 2:36â€¯pm" name="C:/Users/Laptops Garage/AppData/Local/JetBrains/IdeaIC2024.2/temp-testng-customsuite.xml">
    <count name="total" value="8"/>
    <count name="error" value="1"/>
    <count name="passed" value="7"/>
    <config nameIsGenerated="true" configId="TestNG" name="C:/Users/Laptops Garage/AppData/Local/JetBrains/IdeaIC2024.2/temp-testng-customsuite.xml">
        <module name="Practice_internal"/>
        <option name="SUITE_NAME" value="C:/Users/Laptops Garage/AppData/Local/JetBrains/IdeaIC2024.2/temp-testng-customsuite.xml"/>
        <option name="PACKAGE_NAME" value=""/>
        <option name="MAIN_CLASS_NAME" value="Main_class"/>
        <option name="TEST_OBJECT" value="SUITE"/>
        <properties/>
        <listeners/>
        <method v="2">
            <option name="Make" enabled="true"/>
        </method>
    </config>
    <root name="Default Suite" location="file://C:\Users\Laptops Garage\AppData\Local\JetBrains\IdeaIC2024.2\temp-testng-customsuite.xml">
        <output type="stdout">"C:\Program Files\Java\jdk-21\bin\java.exe" -ea -Didea.test.cyclic.buffer.size=1048576 "-javaagent:C:\Program Files\JetBrains\IntelliJ IDEA Community Edition 2024.2.1\lib\idea_rt.jar=65173:C:\Program Files\JetBrains\IntelliJ IDEA Community Edition 2024.2.1\bin" -Dfile.encoding=UTF-8 -Dsun.stdout.encoding=UTF-8 -Dsun.stderr.encoding=UTF-8 -classpath "C:\Program Files\JetBrains\IntelliJ IDEA Community Edition 2024.2.1\lib\idea_rt.jar;C:\Program Files\JetBrains\IntelliJ IDEA Community Edition 2024.2.1\plugins\testng\lib\testng-rt.jar;C:\Users\Laptops Garage\IdeaProjects\Practice_internal\target\test-classes;C:\Users\Laptops Garage\.m2\repository\org\seleniumhq\selenium\selenium-java\4.24.0\selenium-java-4.24.0.jar;C:\Users\Laptops Garage\.m2\repository\org\seleniumhq\selenium\selenium-api\4.24.0\selenium-api-4.24.0.jar;C:\Users\Laptops Garage\.m2\repository\org\jspecify\jspecify\1.0.0\jspecify-1.0.0.jar;C:\Users\Laptops Garage\.m2\repository\org\seleniumhq\selenium\selenium-chrome-driver\4.24.0\selenium-chrome-driver-4.24.0.jar;C:\Users\Laptops Garage\.m2\repository\com\google\auto\service\auto-service-annotations\1.1.1\auto-service-annotations-1.1.1.jar;C:\Users\Laptops Garage\.m2\repository\org\seleniumhq\selenium\selenium-chromium-driver\4.24.0\selenium-chromium-driver-4.24.0.jar;C:\Users\Laptops Garage\.m2\repository\org\seleniumhq\selenium\selenium-json\4.24.0\selenium-json-4.24.0.jar;C:\Users\Laptops Garage\.m2\repository\org\seleniumhq\selenium\selenium-manager\4.24.0\selenium-manager-4.24.0.jar;C:\Users\Laptops Garage\.m2\repository\org\seleniumhq\selenium\selenium-devtools-v126\4.24.0\selenium-devtools-v126-4.24.0.jar;C:\Users\Laptops Garage\.m2\repository\org\seleniumhq\selenium\selenium-devtools-v127\4.24.0\selenium-devtools-v127-4.24.0.jar;C:\Users\Laptops Garage\.m2\repository\org\seleniumhq\selenium\selenium-devtools-v128\4.24.0\selenium-devtools-v128-4.24.0.jar;C:\Users\Laptops Garage\.m2\repository\org\seleniumhq\selenium\selenium-devtools-v85\4.24.0\selenium-devtools-v85-4.24.0.jar;C:\Users\Laptops Garage\.m2\repository\org\seleniumhq\selenium\selenium-edge-driver\4.24.0\selenium-edge-driver-4.24.0.jar;C:\Users\Laptops Garage\.m2\repository\org\seleniumhq\selenium\selenium-firefox-driver\4.24.0\selenium-firefox-driver-4.24.0.jar;C:\Users\Laptops Garage\.m2\repository\org\seleniumhq\selenium\selenium-http\4.24.0\selenium-http-4.24.0.jar;C:\Users\Laptops Garage\.m2\repository\dev\failsafe\failsafe\3.3.2\failsafe-3.3.2.jar;C:\Users\Laptops Garage\.m2\repository\org\seleniumhq\selenium\selenium-ie-driver\4.24.0\selenium-ie-driver-4.24.0.jar;C:\Users\Laptops Garage\.m2\repository\org\seleniumhq\selenium\selenium-remote-driver\4.24.0\selenium-remote-driver-4.24.0.jar;C:\Users\Laptops Garage\.m2\repository\com\google\guava\guava\33.3.0-jre\guava-33.3.0-jre.jar;C:\Users\Laptops Garage\.m2\repository\com\google\guava\failureaccess\1.0.2\failureaccess-1.0.2.jar;C:\Users\Laptops Garage\.m2\repository\com\google\guava\listenablefuture\9999.0-empty-to-avoid-conflict-with-guava\listenablefuture-9999.0-empty-to-avoid-conflict-with-guava.jar;C:\Users\Laptops Garage\.m2\repository\com\google\code\findbugs\jsr305\3.0.2\jsr305-3.0.2.jar;C:\Users\Laptops Garage\.m2\repository\org\checkerframework\checker-qual\3.43.0\checker-qual-3.43.0.jar;C:\Users\Laptops Garage\.m2\repository\com\google\errorprone\error_prone_annotations\2.28.0\error_prone_annotations-2.28.0.jar;C:\Users\Laptops Garage\.m2\repository\com\google\j2objc\j2objc-annotations\3.0.0\j2objc-annotations-3.0.0.jar;C:\Users\Laptops Garage\.m2\repository\io\opentelemetry\semconv\opentelemetry-semconv\1.25.0-alpha\opentelemetry-semconv-1.25.0-alpha.jar;C:\Users\Laptops Garage\.m2\repository\io\opentelemetry\opentelemetry-api\1.41.0\opentelemetry-api-1.41.0.jar;C:\Users\Laptops Garage\.m2\repository\io\opentelemetry\opentelemetry-context\1.41.0\opentelemetry-context-1.41.0.jar;C:\Users\Laptops Garage\.m2\repository\io\opentelemetry\opentelemetry-exporter-logging\1.41.0\opentelemetry-exporter-logging-1.41.0.jar;C:\Users\Laptops Garage\.m2\repository\io\opentelemetry\opentelemetry-sdk-common\1.41.0\opentelemetry-sdk-common-1.41.0.jar;C:\Users\Laptops Garage\.m2\repository\io\opentelemetry\opentelemetry-sdk-extension-autoconfigure-spi\1.41.0\opentelemetry-sdk-extension-autoconfigure-spi-1.41.0.jar;C:\Users\Laptops Garage\.m2\repository\io\opentelemetry\opentelemetry-sdk-extension-autoconfigure\1.41.0\opentelemetry-sdk-extension-autoconfigure-1.41.0.jar;C:\Users\Laptops Garage\.m2\repository\io\opentelemetry\opentelemetry-api-incubator\1.41.0-alpha\opentelemetry-api-incubator-1.41.0-alpha.jar;C:\Users\Laptops Garage\.m2\repository\io\opentelemetry\opentelemetry-sdk-trace\1.41.0\opentelemetry-sdk-trace-1.41.0.jar;C:\Users\Laptops Garage\.m2\repository\io\opentelemetry\opentelemetry-sdk\1.41.0\opentelemetry-sdk-1.41.0.jar;C:\Users\Laptops Garage\.m2\repository\io\opentelemetry\opentelemetry-sdk-metrics\1.41.0\opentelemetry-sdk-metrics-1.41.0.jar;C:\Users\Laptops Garage\.m2\repository\io\opentelemetry\opentelemetry-sdk-logs\1.41.0\opentelemetry-sdk-logs-1.41.0.jar;C:\Users\Laptops Garage\.m2\repository\net\bytebuddy\byte-buddy\1.15.0\byte-buddy-1.15.0.jar;C:\Users\Laptops Garage\.m2\repository\org\seleniumhq\selenium\selenium-os\4.24.0\selenium-os-4.24.0.jar;C:\Users\Laptops Garage\.m2\repository\org\apache\commons\commons-exec\1.4.0\commons-exec-1.4.0.jar;C:\Users\Laptops Garage\.m2\repository\org\seleniumhq\selenium\selenium-safari-driver\4.24.0\selenium-safari-driver-4.24.0.jar;C:\Users\Laptops Garage\.m2\repository\org\seleniumhq\selenium\selenium-support\4.24.0\selenium-support-4.24.0.jar;C:\Users\Laptops Garage\.m2\repository\org\testng\testng\7.10.2\testng-7.10.2.jar;C:\Users\Laptops Garage\.m2\repository\org\slf4j\slf4j-api\1.7.36\slf4j-api-1.7.36.jar;C:\Users\Laptops Garage\.m2\repository\com\beust\jcommander\1.82\jcommander-1.82.jar;C:\Users\Laptops Garage\.m2\repository\org\webjars\jquery\3.7.1\jquery-3.7.1.jar" com.intellij.rt.testng.RemoteTestNGStarter -usedefaultlisteners false -socket65172 "@w@C:\Users\LAPTOP~1\AppData\Local\Temp\idea_working_dirs_testng.tmp" -temp "C:\Users\LAPTOP~1\AppData\Local\Temp\idea_testng.tmp"
</output>
        <output type="stderr">SLF4J: Failed to load class "org.slf4j.impl.StaticLoggerBinder".
SLF4J: Defaulting to no-operation (NOP) logger implementation
SLF4J: See http://www.slf4j.org/codes.html#StaticLoggerBinder for further details.
</output>
        <output type="stdout">===============================================
Default Suite
Total tests run: 6, Passes: 5, Failures: 1, Skips: 0
===============================================
</output>
        <output type="stdout">Process finished with exit code 0
</output>
    </root>
    <suite duration="32098" locationUrl="file://C:\Users\Laptops Garage\AppData\Local\JetBrains\IdeaIC2024.2\temp-testng-customsuite.xml" name="Practice_internal" status="error">
        <suite duration="32098" locationUrl="java:suite://Main_class" name="Main_class" status="error">
            <test duration="6159" locationUrl="java:test://Main_class/loginWithValidCredentials" name="Main_class.loginWithValidCredentials" status="passed"/>
            <test duration="1456" locationUrl="java:test://Main_class/loginWithInvalidCredentials" name="Main_class.loginWithInvalidCredentials" status="passed"/>
            <test duration="3733" locationUrl="java:test://Main_class/navigateLifeJourney" name="Main_class.navigateLifeJourney" status="passed"/>
            <test duration="1627" locationUrl="java:test://Main_class/navigateHealthJourney" name="Main_class.navigateHealthJourney" status="passed">
                <output type="stdout">Success
</output>
            </test>
            <test duration="2334" locationUrl="java:test://Main_class/navigateMotorJourney" name="Main_class.navigateMotorJourney" status="passed">
                <output type="stdout">Success
</output>
            </test>
            <test duration="15003" locationUrl="java:test://Main_class/LifeJourney" name="Main_class.LifeJourney" status="error">
                <output type="stdout">Success
</output>
                <output type="stderr">org.openqa.selenium.TimeoutException: Expected condition failed: waiting for element to be clickable: By.xpath: /html[1]/body[1]/div[1]/div[1]/main[1]/form[1]/div[1]/div[1]/div[3]/div[1]/div[1]/div[2]/div[1]/div[1]/input[1] (tried for 10 second(s) with 500 milliseconds interval)&#13;
	at org.openqa.selenium.support.ui.WebDriverWait.timeoutException(WebDriverWait.java:84)&#13;
	at org.openqa.selenium.support.ui.FluentWait.until(FluentWait.java:228)&#13;
	at Main_class.LifeJourney(Main_class.java:98)&#13;
	at java.base/jdk.internal.reflect.DirectMethodHandleAccessor.invoke(DirectMethodHandleAccessor.java:103)&#13;
	at java.base/java.lang.reflect.Method.invoke(Method.java:580)&#13;
	at org.testng.internal.invokers.MethodInvocationHelper.invokeMethod(MethodInvocationHelper.java:141)&#13;
	at org.testng.internal.invokers.TestInvoker.invokeMethod(TestInvoker.java:686)&#13;
	at org.testng.internal.invokers.TestInvoker.invokeTestMethod(TestInvoker.java:230)&#13;
	at org.testng.internal.invokers.MethodRunner.runInSequence(MethodRunner.java:63)&#13;
	at org.testng.internal.invokers.TestInvoker$MethodInvocationAgent.invoke(TestInvoker.java:992)&#13;
	at org.testng.internal.invokers.TestInvoker.invokeTestMethods(TestInvoker.java:203)&#13;
	at org.testng.internal.invokers.TestMethodWorker.invokeTestMethods(TestMethodWorker.java:154)&#13;
	at org.testng.internal.invokers.TestMethodWorker.run(TestMethodWorker.java:134)&#13;
	at java.base/java.util.ArrayList.forEach(ArrayList.java:1596)&#13;
	at org.testng.TestRunner.privateRun(TestRunner.java:739)&#13;
	at org.testng.TestRunner.run(TestRunner.java:614)&#13;
	at org.testng.SuiteRunner.runTest(SuiteRunner.java:421)&#13;
	at org.testng.SuiteRunner.runSequentially(SuiteRunner.java:413)&#13;
	at org.testng.SuiteRunner.privateRun(SuiteRunner.java:373)&#13;
	at org.testng.SuiteRunner.run(SuiteRunner.java:312)&#13;
	at org.testng.SuiteRunnerWorker.runSuite(SuiteRunnerWorker.java:52)&#13;
	at org.testng.SuiteRunnerWorker.run(SuiteRunnerWorker.java:95)&#13;
	at org.testng.TestNG.runSuitesSequentially(TestNG.java:1274)&#13;
	at org.testng.TestNG.runSuitesLocally(TestNG.java:1208)&#13;
	at org.testng.TestNG.runSuites(TestNG.java:1112)&#13;
	at org.testng.TestNG.run(TestNG.java:1079)&#13;
	at com.intellij.rt.testng.IDEARemoteTestNG.run(IDEARemoteTestNG.java:65)&#13;
	at com.intellij.rt.testng.RemoteTestNGStarter.main(RemoteTestNGStarter.java:105)&#13;
Caused by: org.openqa.selenium.NoSuchWindowException: no such window: target window already closed
from unknown error: web view not found
  (Session info: chrome=128.0.6613.138)
Build info: version: '4.24.0', revision: '748ffc9bc3'
System info: os.name: 'Windows 11', os.arch: 'amd64', os.version: '10.0', java.version: '21.0.3'
Driver info: org.openqa.selenium.chrome.ChromeDriver
Command: [e842c239fca5006fe91a6fec4de80c33, findElement {value=/html[1]/body[1]/div[1]/div[1]/main[1]/form[1]/div[1]/div[1]/div[3]/div[1]/div[1]/div[2]/div[1]/div[1]/input[1], using=xpath}]
Capabilities {acceptInsecureCerts: false, browserName: chrome, browserVersion: 128.0.6613.138, chrome: {chromedriverVersion: 128.0.6613.137 (fe621c5aa2d..., userDataDir: C:\Users\LAPTOP~1\AppData\L...}, fedcm:accounts: true, goog:chromeOptions: {debuggerAddress: localhost:65182}, networkConnectionEnabled: false, pageLoadStrategy: normal, platformName: windows, proxy: Proxy(), se:cdp: ws://localhost:65182/devtoo..., se:cdpVersion: 128.0.6613.138, setWindowRect: true, strictFileInteractability: false, timeouts: {implicit: 0, pageLoad: 300000, script: 30000}, unhandledPromptBehavior: dismiss and notify, webauthn:extension:credBlob: true, webauthn:extension:largeBlob: true, webauthn:extension:minPinLength: true, webauthn:extension:prf: true, webauthn:virtualAuthenticators: true}
Session ID: e842c239fca5006fe91a6fec4de80c33&#13;
	at java.base/jdk.internal.reflect.DirectConstructorHandleAccessor.newInstance(DirectConstructorHandleAccessor.java:62)&#13;
	at java.base/java.lang.reflect.Constructor.newInstanceWithCaller(Constructor.java:502)&#13;
	at java.base/java.lang.reflect.Constructor.newInstance(Constructor.java:486)&#13;
	at org.openqa.selenium.remote.ErrorCodec.decode(ErrorCodec.java:167)&#13;
	at org.openqa.selenium.remote.codec.w3c.W3CHttpResponseCodec.decode(W3CHttpResponseCodec.java:138)&#13;
	at org.openqa.selenium.remote.codec.w3c.W3CHttpResponseCodec.decode(W3CHttpResponseCodec.java:50)&#13;
	at org.openqa.selenium.remote.HttpCommandExecutor.execute(HttpCommandExecutor.java:190)&#13;
	at org.openqa.selenium.remote.service.DriverCommandExecutor.invokeExecute(DriverCommandExecutor.java:216)&#13;
	at org.openqa.selenium.remote.service.DriverCommandExecutor.execute(DriverCommandExecutor.java:174)&#13;
	at org.openqa.selenium.remote.RemoteWebDriver.execute(RemoteWebDriver.java:545)&#13;
	at org.openqa.selenium.remote.ElementLocation$ElementFinder$2.findElement(ElementLocation.java:165)&#13;
	at org.openqa.selenium.remote.ElementLocation.findElement(ElementLocation.java:59)&#13;
	at org.openqa.selenium.remote.RemoteWebDriver.findElement(RemoteWebDriver.java:368)&#13;
	at org.openqa.selenium.remote.RemoteWebDriver.findElement(RemoteWebDriver.java:362)&#13;
	at org.openqa.selenium.support.ui.ExpectedConditions$7.apply(ExpectedConditions.java:194)&#13;
	at org.openqa.selenium.support.ui.ExpectedConditions$7.apply(ExpectedConditions.java:190)&#13;
	at org.openqa.selenium.support.ui.ExpectedConditions$22.apply(ExpectedConditions.java:627)&#13;
	at org.openqa.selenium.support.ui.ExpectedConditions$22.apply(ExpectedConditions.java:624)&#13;
	at org.openqa.selenium.support.ui.FluentWait.until(FluentWait.java:203)&#13;
	... 26 more&#13;
</output>
            </test>
        </suite>
    </suite>
</testrun>
